

================================================================
== Vitis HLS Report for 'matmul_4x4x4_Pipeline_VITIS_LOOP_10_315'
================================================================
* Date:           Thu Jul 23 00:51:06 2026

* Version:        2026.1 (Build 6493734 on Jun 16 2026)
* Project:        work_full_precision_auto
* Solution:       hls (Vivado IP Flow Target)
* Product family: zynq
* Target device:  xc7z020-clg400-1


================================================================
== Performance Estimates
================================================================
+ Timing: 
    * Summary: 
    +--------+----------+-----------+------------+
    |  Clock |  Target  | Estimated | Uncertainty|
    +--------+----------+-----------+------------+
    |ap_clk  |  10.00 ns|  46.744 ns|     2.70 ns|
    +--------+----------+-----------+------------+

+ Latency: 
    * Summary: 
    +---------+---------+----------+----------+-----+-----+-------------------+
    |  Latency (cycles) |  Latency (absolute) |  Interval |      Pipeline     |
    |   min   |   max   |    min   |    max   | min | max |        Type       |
    +---------+---------+----------+----------+-----+-----+-------------------+
    |       10|       10|  0.100 us|  0.100 us|    0|    0|  loop pipeline stp|
    +---------+---------+----------+----------+-----+-----+-------------------+

    + Detail: 
        * Instance: 
        N/A

        * Loop: 
        +-------------------+---------+---------+----------+-----------+-----------+------+----------+
        |                   |  Latency (cycles) | Iteration|  Initiation Interval  | Trip |          |
        |     Loop Name     |   min   |   max   |  Latency |  achieved |   target  | Count| Pipelined|
        +-------------------+---------+---------+----------+-----------+-----------+------+----------+
        |- VITIS_LOOP_10_3  |        8|        8|         6|          1|          1|     4|       yes|
        +-------------------+---------+---------+----------+-----------+-----------+------+----------+

============================================================
+ Verbose Summary: Synthesis Manager
============================================================
InlineROM: 1
ExposeGlobal: 0
============================================================
+ Verbose Summary: CDFG Model
============================================================
IsTopModel: 0
ResetActiveHigh: 1
IsCombinational: 0
IsDatapathOnly: 0
HasWiredReturn: 1
HasMFsm: 2
HasVarLatency: 1
IsPipeline: 0
IsRtlPipelined: 0
IsInstanceOverlapped: 0
IsDontTouch: 0
HasImplIP: 0
IsGatedGlobalClock: 0

+ Individual pipeline summary: 
  * Pipeline-0: initiation interval (II) = 1, depth = 6


============================================================
+ Verbose Summary: Schedule
============================================================
* Number of FSM states : 6
* Pipeline : 1
  Pipeline-0 : II = 1, D = 6, States = { 1 2 3 4 5 6 }
* Dataflow Pipeline: 0

* FSM state transitions: 
1 --> 2 
2 --> 3 
3 --> 4 
4 --> 5 
5 --> 6 
6 --> 

* FSM state operations: 

State 1 <SV = 0> <Delay = 9.11>
ST_1 : Operation 9 [1/1] (0.00ns)   --->   "%acc = alloca i32 1" [design.cpp:9]   --->   Operation 9 'alloca' 'acc' <Predicate = true> <Delay = 0.00>
ST_1 : Operation 10 [1/1] (0.00ns)   --->   "%k = alloca i32 1" [design.cpp:10]   --->   Operation 10 'alloca' 'k' <Predicate = true> <Delay = 0.00>
ST_1 : Operation 11 [1/1] (0.00ns)   --->   "%bitcast_ln12_19_read = read i32 @_ssdm_op_Read.ap_auto.float, i32 %bitcast_ln12_19"   --->   Operation 11 'read' 'bitcast_ln12_19_read' <Predicate = true> <Delay = 0.00>
ST_1 : Operation 12 [1/1] (0.00ns)   --->   "%bitcast_ln12_18_read = read i32 @_ssdm_op_Read.ap_auto.float, i32 %bitcast_ln12_18"   --->   Operation 12 'read' 'bitcast_ln12_18_read' <Predicate = true> <Delay = 0.00>
ST_1 : Operation 13 [1/1] (0.00ns)   --->   "%bitcast_ln12_17_read = read i32 @_ssdm_op_Read.ap_auto.float, i32 %bitcast_ln12_17"   --->   Operation 13 'read' 'bitcast_ln12_17_read' <Predicate = true> <Delay = 0.00>
ST_1 : Operation 14 [1/1] (0.00ns)   --->   "%bitcast_ln12_16_read = read i32 @_ssdm_op_Read.ap_auto.float, i32 %bitcast_ln12_16"   --->   Operation 14 'read' 'bitcast_ln12_16_read' <Predicate = true> <Delay = 0.00>
ST_1 : Operation 15 [1/1] (0.00ns)   --->   "%bitcast_ln12_31_read = read i32 @_ssdm_op_Read.ap_auto.float, i32 %bitcast_ln12_31"   --->   Operation 15 'read' 'bitcast_ln12_31_read' <Predicate = true> <Delay = 0.00>
ST_1 : Operation 16 [1/1] (0.00ns)   --->   "%bitcast_ln12_30_read = read i32 @_ssdm_op_Read.ap_auto.float, i32 %bitcast_ln12_30"   --->   Operation 16 'read' 'bitcast_ln12_30_read' <Predicate = true> <Delay = 0.00>
ST_1 : Operation 17 [1/1] (0.00ns)   --->   "%bitcast_ln12_29_read = read i32 @_ssdm_op_Read.ap_auto.float, i32 %bitcast_ln12_29"   --->   Operation 17 'read' 'bitcast_ln12_29_read' <Predicate = true> <Delay = 0.00>
ST_1 : Operation 18 [1/1] (0.00ns)   --->   "%bitcast_ln12_28_read = read i32 @_ssdm_op_Read.ap_auto.float, i32 %bitcast_ln12_28"   --->   Operation 18 'read' 'bitcast_ln12_28_read' <Predicate = true> <Delay = 0.00>
ST_1 : Operation 19 [1/1] (0.00ns)   --->   "%acc_43_read = read i32 @_ssdm_op_Read.ap_auto.float, i32 %acc_43"   --->   Operation 19 'read' 'acc_43_read' <Predicate = true> <Delay = 0.00>
ST_1 : Operation 20 [1/1] (1.58ns)   --->   "%store_ln10 = store i3 0, i3 %k" [design.cpp:10]   --->   Operation 20 'store' 'store_ln10' <Predicate = true> <Delay = 1.58>
ST_1 : Operation 21 [1/1] (1.58ns)   --->   "%store_ln9 = store i32 %acc_43_read, i32 %acc" [design.cpp:9]   --->   Operation 21 'store' 'store_ln9' <Predicate = true> <Delay = 1.58>
ST_1 : Operation 22 [1/1] (0.00ns)   --->   "%br_ln0 = br void %for.inc.3.3"   --->   Operation 22 'br' 'br_ln0' <Predicate = true> <Delay = 0.00>
ST_1 : Operation 23 [1/1] (0.00ns)   --->   "%k_6 = load i3 %k" [design.cpp:10]   --->   Operation 23 'load' 'k_6' <Predicate = true> <Delay = 0.00>
ST_1 : Operation 24 [1/1] (1.65ns)   --->   "%icmp_ln10 = icmp_eq  i3 %k_6, i3 4" [design.cpp:10]   --->   Operation 24 'icmp' 'icmp_ln10' <Predicate = true> <Delay = 1.65> <CoreInst = "Cmp">   --->   Core 9 'Cmp' <Latency = 0> <II = 1> <Delay = 1.65> <FuncUnit> <Opcode : 'seteq' 'setne' 'setle' 'setge' 'setlt' 'setgt'> <InPorts = 2> <OutPorts = 1>
ST_1 : Operation 25 [1/1] (1.65ns)   --->   "%add_ln10 = add i3 %k_6, i3 1" [design.cpp:10]   --->   Operation 25 'add' 'add_ln10' <Predicate = true> <Delay = 1.65> <CoreInst = "Adder">   --->   Core 1 'Adder' <Latency = 0> <II = 1> <Delay = 1.65> <FuncUnit> <Opcode : 'add' 'sub'> <InPorts = 2> <OutPorts = 1>
ST_1 : Operation 26 [1/1] (0.00ns)   --->   "%br_ln10 = br i1 %icmp_ln10, void %for.inc.3.3.split, void %for.inc23.3.3.exitStub" [design.cpp:10]   --->   Operation 26 'br' 'br_ln10' <Predicate = true> <Delay = 0.00>
ST_1 : Operation 27 [1/1] (0.00ns)   --->   "%trunc_ln10 = trunc i3 %k_6" [design.cpp:10]   --->   Operation 27 'trunc' 'trunc_ln10' <Predicate = (!icmp_ln10)> <Delay = 0.00>
ST_1 : Operation 28 [1/1] (1.82ns)   --->   "%tmp_s = sparsemux i32 @_ssdm_op_SparseMux.ap_auto.4float.float.i2, i2 0, i32 %bitcast_ln12_28_read, i2 1, i32 %bitcast_ln12_29_read, i2 2, i32 %bitcast_ln12_30_read, i2 3, i32 %bitcast_ln12_31_read, i32 <undef>, i2 %trunc_ln10" [design.cpp:12]   --->   Operation 28 'sparsemux' 'tmp_s' <Predicate = (!icmp_ln10)> <Delay = 1.82> <CoreInst = "BinarySparseMux_DontCare">   --->   Core 137 'BinarySparseMux_DontCare' <Latency = 0> <II = 1> <Delay = 1.82> <FuncUnit> <Opcode : 'sparsemux'> <InPorts = 2> <OutPorts = 1>
ST_1 : Operation 29 [1/1] (1.82ns)   --->   "%tmp_6 = sparsemux i32 @_ssdm_op_SparseMux.ap_auto.4float.float.i2, i2 0, i32 %bitcast_ln12_16_read, i2 1, i32 %bitcast_ln12_17_read, i2 2, i32 %bitcast_ln12_18_read, i2 3, i32 %bitcast_ln12_19_read, i32 <undef>, i2 %trunc_ln10" [design.cpp:12]   --->   Operation 29 'sparsemux' 'tmp_6' <Predicate = (!icmp_ln10)> <Delay = 1.82> <CoreInst = "BinarySparseMux_DontCare">   --->   Core 137 'BinarySparseMux_DontCare' <Latency = 0> <II = 1> <Delay = 1.82> <FuncUnit> <Opcode : 'sparsemux'> <InPorts = 2> <OutPorts = 1>
ST_1 : Operation 30 [4/4] (5.70ns)   --->   "%mul_3_3 = fmul i32 %tmp_s, i32 %tmp_6" [design.cpp:12]   --->   Operation 30 'fmul' 'mul_3_3' <Predicate = (!icmp_ln10)> <Delay = 5.70> <CoreInst = "FMul_maxdsp">   --->   Core 30 'FMul_maxdsp' <Latency = 3> <II = 1> <Delay = 5.70> <FuncUnit> <Opcode : 'fmul'> <InPorts = 2> <OutPorts = 1>
ST_1 : Operation 31 [1/1] (1.58ns)   --->   "%store_ln10 = store i3 %add_ln10, i3 %k" [design.cpp:10]   --->   Operation 31 'store' 'store_ln10' <Predicate = (!icmp_ln10)> <Delay = 1.58>

State 2 <SV = 1> <Delay = 5.70>
ST_2 : Operation 32 [3/4] (5.70ns)   --->   "%mul_3_3 = fmul i32 %tmp_s, i32 %tmp_6" [design.cpp:12]   --->   Operation 32 'fmul' 'mul_3_3' <Predicate = true> <Delay = 5.70> <CoreInst = "FMul_maxdsp">   --->   Core 30 'FMul_maxdsp' <Latency = 3> <II = 1> <Delay = 5.70> <FuncUnit> <Opcode : 'fmul'> <InPorts = 2> <OutPorts = 1>

State 3 <SV = 2> <Delay = 5.70>
ST_3 : Operation 33 [2/4] (5.70ns)   --->   "%mul_3_3 = fmul i32 %tmp_s, i32 %tmp_6" [design.cpp:12]   --->   Operation 33 'fmul' 'mul_3_3' <Predicate = true> <Delay = 5.70> <CoreInst = "FMul_maxdsp">   --->   Core 30 'FMul_maxdsp' <Latency = 3> <II = 1> <Delay = 5.70> <FuncUnit> <Opcode : 'fmul'> <InPorts = 2> <OutPorts = 1>

State 4 <SV = 3> <Delay = 5.70>
ST_4 : Operation 34 [1/4] (5.70ns)   --->   "%mul_3_3 = fmul i32 %tmp_s, i32 %tmp_6" [design.cpp:12]   --->   Operation 34 'fmul' 'mul_3_3' <Predicate = true> <Delay = 5.70> <CoreInst = "FMul_maxdsp">   --->   Core 30 'FMul_maxdsp' <Latency = 3> <II = 1> <Delay = 5.70> <FuncUnit> <Opcode : 'fmul'> <InPorts = 2> <OutPorts = 1>

State 5 <SV = 4> <Delay = 22.5>
ST_5 : Operation 35 [1/1] (0.00ns)   --->   "%acc_load_8 = load i32 %acc" [design.cpp:12]   --->   Operation 35 'load' 'acc_load_8' <Predicate = true> <Delay = 0.00>
ST_5 : Operation 36 [2/2] (22.5ns)   --->   "%acc_9 = fadd i32 %mul_3_3, i32 %acc_load_8" [design.cpp:12]   --->   Operation 36 'fadd' 'acc_9' <Predicate = true> <Delay = 22.5> <CoreInst = "FAddSub_fulldsp">   --->   Core 18 'FAddSub_fulldsp' <Latency = 1> <II = 1> <Delay = 22.5> <FuncUnit> <Opcode : 'fadd' 'fsub'> <InPorts = 2> <OutPorts = 1>
ST_5 : Operation 43 [1/1] (0.00ns)   --->   "%acc_load = load i32 %acc"   --->   Operation 43 'load' 'acc_load' <Predicate = (icmp_ln10)> <Delay = 0.00>
ST_5 : Operation 44 [1/1] (0.00ns)   --->   "%write_ln0 = write void @_ssdm_op_Write.ap_auto.floatP0A, i32 %acc_46_out, i32 %acc_load"   --->   Operation 44 'write' 'write_ln0' <Predicate = (icmp_ln10)> <Delay = 0.00>
ST_5 : Operation 45 [1/1] (1.58ns)   --->   "%ret_ln0 = ret"   --->   Operation 45 'ret' 'ret_ln0' <Predicate = (icmp_ln10)> <Delay = 1.58>

State 6 <SV = 5> <Delay = 46.7>
ST_6 : Operation 37 [1/1] (0.00ns)   --->   "%specpipeline_ln11 = specpipeline void @_ssdm_op_SpecPipeline, i32 1, i32 0, i32 0, i32 0, i32 4294967295, void @empty_0" [design.cpp:11]   --->   Operation 37 'specpipeline' 'specpipeline_ln11' <Predicate = true> <Delay = 0.00>
ST_6 : Operation 38 [1/1] (0.00ns)   --->   "%speclooptripcount_ln9 = speclooptripcount void @_ssdm_op_SpecLoopTripCount, i64 4, i64 4, i64 4" [design.cpp:9]   --->   Operation 38 'speclooptripcount' 'speclooptripcount_ln9' <Predicate = true> <Delay = 0.00>
ST_6 : Operation 39 [1/1] (0.00ns)   --->   "%specloopname_ln10 = specloopname void @_ssdm_op_SpecLoopName, void @empty_2" [design.cpp:10]   --->   Operation 39 'specloopname' 'specloopname_ln10' <Predicate = true> <Delay = 0.00>
ST_6 : Operation 40 [1/2] (22.5ns)   --->   "%acc_9 = fadd i32 %mul_3_3, i32 %acc_load_8" [design.cpp:12]   --->   Operation 40 'fadd' 'acc_9' <Predicate = true> <Delay = 22.5> <CoreInst = "FAddSub_fulldsp">   --->   Core 18 'FAddSub_fulldsp' <Latency = 1> <II = 1> <Delay = 22.5> <FuncUnit> <Opcode : 'fadd' 'fsub'> <InPorts = 2> <OutPorts = 1>
ST_6 : Operation 41 [1/1] (1.58ns)   --->   "%store_ln9 = store i32 %acc_9, i32 %acc" [design.cpp:9]   --->   Operation 41 'store' 'store_ln9' <Predicate = true> <Delay = 1.58>
ST_6 : Operation 42 [1/1] (0.00ns)   --->   "%br_ln10 = br void %for.inc.3.3" [design.cpp:10]   --->   Operation 42 'br' 'br_ln10' <Predicate = true> <Delay = 0.00>


============================================================
+ Verbose Summary: Timing violations
============================================================
Target clock period: 10.000ns, clock uncertainty: 2.700ns.

 <State 1>: 9.117ns
The critical path consists of the following:
	'store' operation ('store_ln10', design.cpp:10) of constant 0 3 bit on local variable 'k', design.cpp:10 [22]  (1.588 ns)
	'load' operation 3 bit ('k', design.cpp:10) on local variable 'k', design.cpp:10 [26]  (0.000 ns)
	'sparsemux' operation 32 bit ('tmp_s', design.cpp:12) [36]  (1.827 ns)
	'fmul' operation 32 bit ('mul_3_3', design.cpp:12) [38]  (5.702 ns)

 <State 2>: 5.702ns
The critical path consists of the following:
	'fmul' operation 32 bit ('mul_3_3', design.cpp:12) [38]  (5.702 ns)

 <State 3>: 5.702ns
The critical path consists of the following:
	'fmul' operation 32 bit ('mul_3_3', design.cpp:12) [38]  (5.702 ns)

 <State 4>: 5.702ns
The critical path consists of the following:
	'fmul' operation 32 bit ('mul_3_3', design.cpp:12) [38]  (5.702 ns)

 <State 5>: 22.578ns
The critical path consists of the following:
	'load' operation 32 bit ('acc_load_8', design.cpp:12) on local variable 'acc', design.cpp:9 [31]  (0.000 ns)
	'fadd' operation 32 bit ('acc', design.cpp:12) [39]  (22.578 ns)

 <State 6>: 46.744ns
The critical path consists of the following:
	'fadd' operation 32 bit ('acc', design.cpp:12) [39]  (22.578 ns)
	'store' operation ('store_ln9', design.cpp:9) of variable 'acc', design.cpp:12 32 bit on local variable 'acc', design.cpp:9 [41]  (1.588 ns)
	'load' operation 32 bit ('acc_load_8', design.cpp:12) on local variable 'acc', design.cpp:9 [31]  (0.000 ns)
	'fadd' operation 32 bit ('acc', design.cpp:12) [39]  (22.578 ns)


============================================================
+ Verbose Summary: Binding
============================================================
N/A
* FSMD analyzer results:
  - Output states:
 - Input state : 
  - Chain level:
	State 1
	State 2
	State 3
	State 4
	State 5
	State 6


============================================================
+ Verbose Summary: Datapath Resource usage 
============================================================
N/A
