

================================================================
== Vitis HLS Report for 'matmul_4x4x4_Pipeline_VITIS_LOOP_10_38'
================================================================
* Date:           Thu Jul 23 00:51:07 2026

* Version:        2026.1 (Build 6493734 on Jun 16 2026)
* Project:        work_full_precision_auto
* Solution:       hls (Vivado IP Flow Target)
* Product family: zynq
* Target device:  xc7z020-clg400-1


================================================================
== Performance Estimates
================================================================
+ Timing: 
    * Summary: 
    +--------+----------+-----------+------------+
    |  Clock |  Target  | Estimated | Uncertainty|
    +--------+----------+-----------+------------+
    |ap_clk  |  10.00 ns|  46.744 ns|     2.70 ns|
    +--------+----------+-----------+------------+

+ Latency: 
    * Summary: 
    +---------+---------+----------+----------+-----+-----+-------------------+
    |  Latency (cycles) |  Latency (absolute) |  Interval |      Pipeline     |
    |   min   |   max   |    min   |    max   | min | max |        Type       |
    +---------+---------+----------+----------+-----+-----+-------------------+
    |       10|       10|  0.467 us|  0.467 us|    0|    0|  loop pipeline stp|
    +---------+---------+----------+----------+-----+-----+-------------------+

    + Detail: 
        * Instance: 
        N/A

        * Loop: 
        +-------------------+---------+---------+----------+-----------+-----------+------+----------+
        |                   |  Latency (cycles) | Iteration|  Initiation Interval  | Trip |          |
        |     Loop Name     |   min   |   max   |  Latency |  achieved |   target  | Count| Pipelined|
        +-------------------+---------+---------+----------+-----------+-----------+------+----------+
        |- VITIS_LOOP_10_3  |        8|        8|         6|          1|          1|     4|       yes|
        +-------------------+---------+---------+----------+-----------+-----------+------+----------+



================================================================
== Utilization Estimates
================================================================
* Summary: 
+-----------------+---------+-----+--------+-------+-----+
|       Name      | BRAM_18K| DSP |   FF   |  LUT  | URAM|
+-----------------+---------+-----+--------+-------+-----+
|DSP              |        -|    -|       -|      -|    -|
|Expression       |        -|    -|       0|     26|    -|
|FIFO             |        -|    -|       -|      -|    -|
|Instance         |        -|    5|     320|    746|    -|
|Memory           |        -|    -|       -|      -|    -|
|Multiplexer      |        -|    -|       0|     54|    -|
|Register         |        -|    -|     143|     32|    -|
+-----------------+---------+-----+--------+-------+-----+
|Total            |        0|    5|     463|    858|    0|
+-----------------+---------+-----+--------+-------+-----+
|Available        |      280|  220|  106400|  53200|    0|
+-----------------+---------+-----+--------+-------+-----+
|Utilization (%)  |        0|    2|      ~0|      1|    0|
+-----------------+---------+-----+--------+-------+-----+

+ Detail: 
    * Instance: 
    +-------------------------------------+--------------------------------+---------+----+-----+-----+-----+
    |               Instance              |             Module             | BRAM_18K| DSP|  FF | LUT | URAM|
    +-------------------------------------+--------------------------------+---------+----+-----+-----+-----+
    |fadd_32ns_32ns_32_2_full_dsp_1_U116  |fadd_32ns_32ns_32_2_full_dsp_1  |        0|   2|  177|  385|    0|
    |fmul_32ns_32ns_32_4_max_dsp_1_U117   |fmul_32ns_32ns_32_4_max_dsp_1   |        0|   3|  143|  321|    0|
    |sparsemux_9_2_32_1_1_U118            |sparsemux_9_2_32_1_1            |        0|   0|    0|   20|    0|
    |sparsemux_9_2_32_1_1_U119            |sparsemux_9_2_32_1_1            |        0|   0|    0|   20|    0|
    +-------------------------------------+--------------------------------+---------+----+-----+-----+-----+
    |Total                                |                                |        0|   5|  320|  746|    0|
    +-------------------------------------+--------------------------------+---------+----+-----+-----+-----+

    * DSP: 
    N/A

    * Memory: 
    N/A

    * FIFO: 
    N/A

    * Expression: 
    +---------------------+----------+----+---+----+------------+------------+
    |    Variable Name    | Operation| DSP| FF| LUT| Bitwidth P0| Bitwidth P1|
    +---------------------+----------+----+---+----+------------+------------+
    |add_ln10_fu_156_p2   |         +|   0|  0|  11|           3|           1|
    |icmp_ln10_fu_150_p2  |      icmp|   0|  0|  13|           3|           4|
    |ap_enable_pp0        |       xor|   0|  0|   2|           1|           2|
    +---------------------+----------+----+---+----+------------+------------+
    |Total                |          |   0|  0|  26|           7|           7|
    +---------------------+----------+----+---+----+------------+------------+

    * Multiplexer: 
    +-----------------------------+----+-----------+-----+-----------+
    |             Name            | LUT| Input Size| Bits| Total Bits|
    +-----------------------------+----+-----------+-----+-----------+
    |acc_fu_60                    |   9|          2|   32|         64|
    |ap_done_int                  |   9|          2|    1|          2|
    |ap_enable_reg_pp0_iter1      |   9|          2|    1|          2|
    |ap_sig_allocacmp_acc_load_2  |   9|          2|   32|         64|
    |ap_sig_allocacmp_k_2         |   9|          2|    3|          6|
    |k_fu_64                      |   9|          2|    3|          6|
    +-----------------------------+----+-----------+-----+-----------+
    |Total                        |  54|         12|   72|        144|
    +-----------------------------+----+-----------+-----+-----------+

    * Register: 
    +----------------------------------+----+----+-----+-----------+
    |               Name               | FF | LUT| Bits| Const Bits|
    +----------------------------------+----+----+-----+-----------+
    |acc_fu_60                         |  32|   0|   32|          0|
    |ap_CS_fsm                         |   1|   0|    1|          0|
    |ap_done_reg                       |   1|   0|    1|          0|
    |ap_enable_reg_pp0_iter1           |   1|   0|    1|          0|
    |ap_enable_reg_pp0_iter2           |   1|   0|    1|          0|
    |ap_enable_reg_pp0_iter3           |   1|   0|    1|          0|
    |ap_enable_reg_pp0_iter4           |   1|   0|    1|          0|
    |ap_enable_reg_pp0_iter5           |   1|   0|    1|          0|
    |ap_loop_exit_ready_pp0_iter1_reg  |   1|   0|    1|          0|
    |ap_loop_exit_ready_pp0_iter2_reg  |   1|   0|    1|          0|
    |ap_loop_exit_ready_pp0_iter3_reg  |   1|   0|    1|          0|
    |ap_loop_exit_ready_pp0_iter4_reg  |   1|   0|    1|          0|
    |icmp_ln10_reg_249                 |   1|   0|    1|          0|
    |k_fu_64                           |   3|   0|    3|          0|
    |mul_2_reg_263                     |  32|   0|   32|          0|
    |icmp_ln10_reg_249                 |  64|  32|    1|          0|
    +----------------------------------+----+----+-----+-----------+
    |Total                             | 143|  32|   80|          0|
    +----------------------------------+----+----+-----+-----------+



================================================================
== Interface
================================================================
* Summary: 
+-------------------+-----+-----+------------+----------------------------------------+--------------+
|     RTL Ports     | Dir | Bits|  Protocol  |              Source Object             |    C Type    |
+-------------------+-----+-----+------------+----------------------------------------+--------------+
|ap_clk             |   in|    1|  ap_ctrl_hs|  matmul_4x4x4_Pipeline_VITIS_LOOP_10_38|  return value|
|ap_rst             |   in|    1|  ap_ctrl_hs|  matmul_4x4x4_Pipeline_VITIS_LOOP_10_38|  return value|
|ap_start           |   in|    1|  ap_ctrl_hs|  matmul_4x4x4_Pipeline_VITIS_LOOP_10_38|  return value|
|ap_done            |  out|    1|  ap_ctrl_hs|  matmul_4x4x4_Pipeline_VITIS_LOOP_10_38|  return value|
|ap_idle            |  out|    1|  ap_ctrl_hs|  matmul_4x4x4_Pipeline_VITIS_LOOP_10_38|  return value|
|ap_ready           |  out|    1|  ap_ctrl_hs|  matmul_4x4x4_Pipeline_VITIS_LOOP_10_38|  return value|
|acc_22             |   in|   32|     ap_none|                                  acc_22|        scalar|
|bitcast_ln12_24    |   in|   32|     ap_none|                         bitcast_ln12_24|        scalar|
|bitcast_ln12_25    |   in|   32|     ap_none|                         bitcast_ln12_25|        scalar|
|bitcast_ln12_26    |   in|   32|     ap_none|                         bitcast_ln12_26|        scalar|
|bitcast_ln12_27    |   in|   32|     ap_none|                         bitcast_ln12_27|        scalar|
|bitcast_ln12_4     |   in|   32|     ap_none|                          bitcast_ln12_4|        scalar|
|bitcast_ln12_5     |   in|   32|     ap_none|                          bitcast_ln12_5|        scalar|
|bitcast_ln12_6     |   in|   32|     ap_none|                          bitcast_ln12_6|        scalar|
|bitcast_ln12_7     |   in|   32|     ap_none|                          bitcast_ln12_7|        scalar|
|acc_26_out         |  out|   32|      ap_vld|                              acc_26_out|       pointer|
|acc_26_out_ap_vld  |  out|    1|      ap_vld|                              acc_26_out|       pointer|
+-------------------+-----+-----+------------+----------------------------------------+--------------+

============================================================
+ Verbose Summary: Synthesis Manager
============================================================
InlineROM: 1
ExposeGlobal: 0
============================================================
+ Verbose Summary: CDFG Model
============================================================
IsTopModel: 0
ResetActiveHigh: 1
IsCombinational: 2
IsDatapathOnly: 2
HasWiredReturn: 1
HasMFsm: 2
HasVarLatency: 1
IsPipeline: 0
IsRtlPipelined: 0
IsInstanceOverlapped: 0
IsDontTouch: 0
HasImplIP: 0
IsGatedGlobalClock: 0

+ Individual pipeline summary: 
  * Pipeline-0: initiation interval (II) = 1, depth = 6


============================================================
+ Verbose Summary: Schedule
============================================================
* Number of FSM states : 6
* Pipeline : 1
  Pipeline-0 : II = 1, D = 6, States = { 1 2 3 4 5 6 }
* Dataflow Pipeline: 0

* FSM state transitions: 
1 --> 2 
2 --> 3 
3 --> 4 
4 --> 5 
5 --> 6 
6 --> 

* FSM state operations: 

State 1 <SV = 0> <Delay = 9.11>
ST_1 : Operation 9 [1/1] (0.00ns)   --->   "%acc = alloca i32 1" [design.cpp:9]   --->   Operation 9 'alloca' 'acc' <Predicate = true> <Delay = 0.00>
ST_1 : Operation 10 [1/1] (0.00ns)   --->   "%k = alloca i32 1" [design.cpp:10]   --->   Operation 10 'alloca' 'k' <Predicate = true> <Delay = 0.00>
ST_1 : Operation 11 [1/1] (0.00ns)   --->   "%bitcast_ln12_7_read = read i32 @_ssdm_op_Read.ap_auto.float, i32 %bitcast_ln12_7"   --->   Operation 11 'read' 'bitcast_ln12_7_read' <Predicate = true> <Delay = 0.00>
ST_1 : Operation 12 [1/1] (0.00ns)   --->   "%bitcast_ln12_6_read = read i32 @_ssdm_op_Read.ap_auto.float, i32 %bitcast_ln12_6"   --->   Operation 12 'read' 'bitcast_ln12_6_read' <Predicate = true> <Delay = 0.00>
ST_1 : Operation 13 [1/1] (0.00ns)   --->   "%bitcast_ln12_5_read = read i32 @_ssdm_op_Read.ap_auto.float, i32 %bitcast_ln12_5"   --->   Operation 13 'read' 'bitcast_ln12_5_read' <Predicate = true> <Delay = 0.00>
ST_1 : Operation 14 [1/1] (0.00ns)   --->   "%bitcast_ln12_4_read = read i32 @_ssdm_op_Read.ap_auto.float, i32 %bitcast_ln12_4"   --->   Operation 14 'read' 'bitcast_ln12_4_read' <Predicate = true> <Delay = 0.00>
ST_1 : Operation 15 [1/1] (0.00ns)   --->   "%bitcast_ln12_27_read = read i32 @_ssdm_op_Read.ap_auto.float, i32 %bitcast_ln12_27"   --->   Operation 15 'read' 'bitcast_ln12_27_read' <Predicate = true> <Delay = 0.00>
ST_1 : Operation 16 [1/1] (0.00ns)   --->   "%bitcast_ln12_26_read = read i32 @_ssdm_op_Read.ap_auto.float, i32 %bitcast_ln12_26"   --->   Operation 16 'read' 'bitcast_ln12_26_read' <Predicate = true> <Delay = 0.00>
ST_1 : Operation 17 [1/1] (0.00ns)   --->   "%bitcast_ln12_25_read = read i32 @_ssdm_op_Read.ap_auto.float, i32 %bitcast_ln12_25"   --->   Operation 17 'read' 'bitcast_ln12_25_read' <Predicate = true> <Delay = 0.00>
ST_1 : Operation 18 [1/1] (0.00ns)   --->   "%bitcast_ln12_24_read = read i32 @_ssdm_op_Read.ap_auto.float, i32 %bitcast_ln12_24"   --->   Operation 18 'read' 'bitcast_ln12_24_read' <Predicate = true> <Delay = 0.00>
ST_1 : Operation 19 [1/1] (0.00ns)   --->   "%acc_22_read = read i32 @_ssdm_op_Read.ap_auto.float, i32 %acc_22"   --->   Operation 19 'read' 'acc_22_read' <Predicate = true> <Delay = 0.00>
ST_1 : Operation 20 [1/1] (1.58ns)   --->   "%store_ln10 = store i3 0, i3 %k" [design.cpp:10]   --->   Operation 20 'store' 'store_ln10' <Predicate = true> <Delay = 1.58>
ST_1 : Operation 21 [1/1] (1.58ns)   --->   "%store_ln9 = store i32 %acc_22_read, i32 %acc" [design.cpp:9]   --->   Operation 21 'store' 'store_ln9' <Predicate = true> <Delay = 1.58>
ST_1 : Operation 22 [1/1] (0.00ns)   --->   "%br_ln0 = br void %for.inc.2"   --->   Operation 22 'br' 'br_ln0' <Predicate = true> <Delay = 0.00>
ST_1 : Operation 23 [1/1] (0.00ns)   --->   "%k_2 = load i3 %k" [design.cpp:10]   --->   Operation 23 'load' 'k_2' <Predicate = true> <Delay = 0.00>
ST_1 : Operation 24 [1/1] (1.65ns)   --->   "%icmp_ln10 = icmp_eq  i3 %k_2, i3 4" [design.cpp:10]   --->   Operation 24 'icmp' 'icmp_ln10' <Predicate = true> <Delay = 1.65> <CoreInst = "Cmp">   --->   Core 9 'Cmp' <Latency = 0> <II = 1> <Delay = 1.73> <FuncUnit> <Opcode : 'seteq' 'setne' 'setle' 'setge' 'setlt' 'setgt'> <InPorts = 2> <OutPorts = 1>
ST_1 : Operation 25 [1/1] (1.65ns)   --->   "%add_ln10 = add i3 %k_2, i3 1" [design.cpp:10]   --->   Operation 25 'add' 'add_ln10' <Predicate = true> <Delay = 1.65> <CoreInst = "Adder">   --->   Core 1 'Adder' <Latency = 0> <II = 1> <Delay = 1.65> <FuncUnit> <Opcode : 'add' 'sub'> <InPorts = 2> <OutPorts = 1>
ST_1 : Operation 26 [1/1] (0.00ns)   --->   "%br_ln10 = br i1 %icmp_ln10, void %for.inc.2.split, void %for.inc23.2.exitStub" [design.cpp:10]   --->   Operation 26 'br' 'br_ln10' <Predicate = true> <Delay = 0.00>
ST_1 : Operation 27 [1/1] (0.00ns)   --->   "%trunc_ln10 = trunc i3 %k_2" [design.cpp:10]   --->   Operation 27 'trunc' 'trunc_ln10' <Predicate = (!icmp_ln10)> <Delay = 0.00>
ST_1 : Operation 28 [1/1] (1.82ns)   --->   "%tmp_s = sparsemux i32 @_ssdm_op_SparseMux.ap_auto.4float.float.i2, i2 0, i32 %bitcast_ln12_24_read, i2 1, i32 %bitcast_ln12_25_read, i2 2, i32 %bitcast_ln12_26_read, i2 3, i32 %bitcast_ln12_27_read, i32 <undef>, i2 %trunc_ln10" [design.cpp:12]   --->   Operation 28 'sparsemux' 'tmp_s' <Predicate = (!icmp_ln10)> <Delay = 1.82> <CoreInst = "BinarySparseMux_DontCare">   --->   Core 137 'BinarySparseMux_DontCare' <Latency = 0> <II = 1> <Delay = 1.82> <FuncUnit> <Opcode : 'sparsemux'> <InPorts = 2> <OutPorts = 1>
ST_1 : Operation 29 [1/1] (1.82ns)   --->   "%tmp_2 = sparsemux i32 @_ssdm_op_SparseMux.ap_auto.4float.float.i2, i2 0, i32 %bitcast_ln12_4_read, i2 1, i32 %bitcast_ln12_5_read, i2 2, i32 %bitcast_ln12_6_read, i2 3, i32 %bitcast_ln12_7_read, i32 <undef>, i2 %trunc_ln10" [design.cpp:12]   --->   Operation 29 'sparsemux' 'tmp_2' <Predicate = (!icmp_ln10)> <Delay = 1.82> <CoreInst = "BinarySparseMux_DontCare">   --->   Core 137 'BinarySparseMux_DontCare' <Latency = 0> <II = 1> <Delay = 1.82> <FuncUnit> <Opcode : 'sparsemux'> <InPorts = 2> <OutPorts = 1>
ST_1 : Operation 30 [4/4] (5.70ns)   --->   "%mul_2 = fmul i32 %tmp_s, i32 %tmp_2" [design.cpp:12]   --->   Operation 30 'fmul' 'mul_2' <Predicate = (!icmp_ln10)> <Delay = 5.70> <CoreInst = "FMul_maxdsp">   --->   Core 30 'FMul_maxdsp' <Latency = 3> <II = 1> <Delay = 5.70> <FuncUnit> <Opcode : 'fmul'> <InPorts = 2> <OutPorts = 1>
ST_1 : Operation 31 [1/1] (1.58ns)   --->   "%store_ln10 = store i3 %add_ln10, i3 %k" [design.cpp:10]   --->   Operation 31 'store' 'store_ln10' <Predicate = (!icmp_ln10)> <Delay = 1.58>

State 2 <SV = 1> <Delay = 5.70>
ST_2 : Operation 32 [3/4] (5.70ns)   --->   "%mul_2 = fmul i32 %tmp_s, i32 %tmp_2" [design.cpp:12]   --->   Operation 32 'fmul' 'mul_2' <Predicate = true> <Delay = 5.70> <CoreInst = "FMul_maxdsp">   --->   Core 30 'FMul_maxdsp' <Latency = 3> <II = 1> <Delay = 5.70> <FuncUnit> <Opcode : 'fmul'> <InPorts = 2> <OutPorts = 1>

State 3 <SV = 2> <Delay = 5.70>
ST_3 : Operation 33 [2/4] (5.70ns)   --->   "%mul_2 = fmul i32 %tmp_s, i32 %tmp_2" [design.cpp:12]   --->   Operation 33 'fmul' 'mul_2' <Predicate = true> <Delay = 5.70> <CoreInst = "FMul_maxdsp">   --->   Core 30 'FMul_maxdsp' <Latency = 3> <II = 1> <Delay = 5.70> <FuncUnit> <Opcode : 'fmul'> <InPorts = 2> <OutPorts = 1>

State 4 <SV = 3> <Delay = 5.70>
ST_4 : Operation 34 [1/4] (5.70ns)   --->   "%mul_2 = fmul i32 %tmp_s, i32 %tmp_2" [design.cpp:12]   --->   Operation 34 'fmul' 'mul_2' <Predicate = true> <Delay = 5.70> <CoreInst = "FMul_maxdsp">   --->   Core 30 'FMul_maxdsp' <Latency = 3> <II = 1> <Delay = 5.70> <FuncUnit> <Opcode : 'fmul'> <InPorts = 2> <OutPorts = 1>

State 5 <SV = 4> <Delay = 22.5>
ST_5 : Operation 35 [1/1] (0.00ns)   --->   "%acc_load_2 = load i32 %acc" [design.cpp:12]   --->   Operation 35 'load' 'acc_load_2' <Predicate = true> <Delay = 0.00>
ST_5 : Operation 36 [2/2] (22.5ns)   --->   "%acc_2 = fadd i32 %mul_2, i32 %acc_load_2" [design.cpp:12]   --->   Operation 36 'fadd' 'acc_2' <Predicate = true> <Delay = 22.5> <CoreInst = "FAddSub_fulldsp">   --->   Core 18 'FAddSub_fulldsp' <Latency = 1> <II = 1> <Delay = 22.5> <FuncUnit> <Opcode : 'fadd' 'fsub'> <InPorts = 2> <OutPorts = 1>
ST_5 : Operation 43 [1/1] (0.00ns)   --->   "%acc_load = load i32 %acc"   --->   Operation 43 'load' 'acc_load' <Predicate = (icmp_ln10)> <Delay = 0.00>
ST_5 : Operation 44 [1/1] (0.00ns)   --->   "%write_ln0 = write void @_ssdm_op_Write.ap_auto.floatP0A, i32 %acc_26_out, i32 %acc_load"   --->   Operation 44 'write' 'write_ln0' <Predicate = (icmp_ln10)> <Delay = 0.00>
ST_5 : Operation 45 [1/1] (1.58ns)   --->   "%ret_ln0 = ret"   --->   Operation 45 'ret' 'ret_ln0' <Predicate = (icmp_ln10)> <Delay = 1.58>

State 6 <SV = 5> <Delay = 46.7>
ST_6 : Operation 37 [1/1] (0.00ns)   --->   "%specpipeline_ln11 = specpipeline void @_ssdm_op_SpecPipeline, i32 1, i32 0, i32 0, i32 0, i32 4294967295, void @empty_0" [design.cpp:11]   --->   Operation 37 'specpipeline' 'specpipeline_ln11' <Predicate = true> <Delay = 0.00>
ST_6 : Operation 38 [1/1] (0.00ns)   --->   "%speclooptripcount_ln9 = speclooptripcount void @_ssdm_op_SpecLoopTripCount, i64 4, i64 4, i64 4" [design.cpp:9]   --->   Operation 38 'speclooptripcount' 'speclooptripcount_ln9' <Predicate = true> <Delay = 0.00>
ST_6 : Operation 39 [1/1] (0.00ns)   --->   "%specloopname_ln10 = specloopname void @_ssdm_op_SpecLoopName, void @empty_2" [design.cpp:10]   --->   Operation 39 'specloopname' 'specloopname_ln10' <Predicate = true> <Delay = 0.00>
ST_6 : Operation 40 [1/2] (22.5ns)   --->   "%acc_2 = fadd i32 %mul_2, i32 %acc_load_2" [design.cpp:12]   --->   Operation 40 'fadd' 'acc_2' <Predicate = true> <Delay = 22.5> <CoreInst = "FAddSub_fulldsp">   --->   Core 18 'FAddSub_fulldsp' <Latency = 1> <II = 1> <Delay = 22.5> <FuncUnit> <Opcode : 'fadd' 'fsub'> <InPorts = 2> <OutPorts = 1>
ST_6 : Operation 41 [1/1] (1.58ns)   --->   "%store_ln9 = store i32 %acc_2, i32 %acc" [design.cpp:9]   --->   Operation 41 'store' 'store_ln9' <Predicate = true> <Delay = 1.58>
ST_6 : Operation 42 [1/1] (0.00ns)   --->   "%br_ln10 = br void %for.inc.2" [design.cpp:10]   --->   Operation 42 'br' 'br_ln10' <Predicate = true> <Delay = 0.00>


============================================================
+ Verbose Summary: Binding
============================================================
STG Binding: 
---------------- STG Properties BEGIN ----------------
- Is combinational: 0
- Is one-state seq: 0
- Is datapath-only: 0
- Is pipelined: 0
- Is top level: 0
Port [ Return ] is wired: 1; IO mode=ap_ctrl_hs:ce=0
Port [ acc_22]:  wired=1; compound=0; hidden=0; nouse=0; global=0; static=0; extern=0; dir=0; type=0; pingpong=0; private_global=0; IO mode=ap_none:ce=0
Port [ bitcast_ln12_24]:  wired=1; compound=0; hidden=0; nouse=0; global=0; static=0; extern=0; dir=0; type=0; pingpong=0; private_global=0; IO mode=ap_none:ce=0
Port [ bitcast_ln12_25]:  wired=1; compound=0; hidden=0; nouse=0; global=0; static=0; extern=0; dir=0; type=0; pingpong=0; private_global=0; IO mode=ap_none:ce=0
Port [ bitcast_ln12_26]:  wired=1; compound=0; hidden=0; nouse=0; global=0; static=0; extern=0; dir=0; type=0; pingpong=0; private_global=0; IO mode=ap_none:ce=0
Port [ bitcast_ln12_27]:  wired=1; compound=0; hidden=0; nouse=0; global=0; static=0; extern=0; dir=0; type=0; pingpong=0; private_global=0; IO mode=ap_none:ce=0
Port [ bitcast_ln12_4]:  wired=1; compound=0; hidden=0; nouse=0; global=0; static=0; extern=0; dir=0; type=0; pingpong=0; private_global=0; IO mode=ap_none:ce=0
Port [ bitcast_ln12_5]:  wired=1; compound=0; hidden=0; nouse=0; global=0; static=0; extern=0; dir=0; type=0; pingpong=0; private_global=0; IO mode=ap_none:ce=0
Port [ bitcast_ln12_6]:  wired=1; compound=0; hidden=0; nouse=0; global=0; static=0; extern=0; dir=0; type=0; pingpong=0; private_global=0; IO mode=ap_none:ce=0
Port [ bitcast_ln12_7]:  wired=1; compound=0; hidden=0; nouse=0; global=0; static=0; extern=0; dir=0; type=0; pingpong=0; private_global=0; IO mode=ap_none:ce=0
Port [ acc_26_out]:  wired=1; compound=0; hidden=0; nouse=0; global=0; static=0; extern=0; dir=1; type=0; pingpong=0; private_global=0; IO mode=ap_vld:ce=0
---------------- STG Properties END ------------------

---------------- Datapath Model BEGIN ----------------

<LifeTime>
<method=bitvector/>
acc                   (alloca           ) [ 0111111]
k                     (alloca           ) [ 0100000]
bitcast_ln12_7_read   (read             ) [ 0000000]
bitcast_ln12_6_read   (read             ) [ 0000000]
bitcast_ln12_5_read   (read             ) [ 0000000]
bitcast_ln12_4_read   (read             ) [ 0000000]
bitcast_ln12_27_read  (read             ) [ 0000000]
bitcast_ln12_26_read  (read             ) [ 0000000]
bitcast_ln12_25_read  (read             ) [ 0000000]
bitcast_ln12_24_read  (read             ) [ 0000000]
acc_22_read           (read             ) [ 0000000]
store_ln10            (store            ) [ 0000000]
store_ln9             (store            ) [ 0000000]
br_ln0                (br               ) [ 0000000]
k_2                   (load             ) [ 0000000]
icmp_ln10             (icmp             ) [ 0111110]
add_ln10              (add              ) [ 0000000]
br_ln10               (br               ) [ 0000000]
trunc_ln10            (trunc            ) [ 0000000]
tmp_s                 (sparsemux        ) [ 0111100]
tmp_2                 (sparsemux        ) [ 0111100]
store_ln10            (store            ) [ 0000000]
mul_2                 (fmul             ) [ 0100011]
acc_load_2            (load             ) [ 0100001]
specpipeline_ln11     (specpipeline     ) [ 0000000]
speclooptripcount_ln9 (speclooptripcount) [ 0000000]
specloopname_ln10     (specloopname     ) [ 0000000]
acc_2                 (fadd             ) [ 0000000]
store_ln9             (store            ) [ 0000000]
br_ln10               (br               ) [ 0000000]
acc_load              (load             ) [ 0000000]
write_ln0             (write            ) [ 0000000]
ret_ln0               (ret              ) [ 0000000]
</LifeTime>

<model>

<comp_list>
<comp id="0" class="1000" name="acc_22">
<pin_list>
<pin id="1" dir="1" index="0" bw="1" slack="0"/>
</pin_list>
<bind>
<StgValue><ssdm name="acc_22"/></StgValue>
</bind>
</comp>

<comp id="2" class="1000" name="bitcast_ln12_24">
<pin_list>
<pin id="3" dir="1" index="0" bw="1" slack="0"/>
</pin_list>
<bind>
<StgValue><ssdm name="bitcast_ln12_24"/></StgValue>
</bind>
</comp>

<comp id="4" class="1000" name="bitcast_ln12_25">
<pin_list>
<pin id="5" dir="1" index="0" bw="1" slack="0"/>
</pin_list>
<bind>
<StgValue><ssdm name="bitcast_ln12_25"/></StgValue>
</bind>
</comp>

<comp id="6" class="1000" name="bitcast_ln12_26">
<pin_list>
<pin id="7" dir="1" index="0" bw="1" slack="0"/>
</pin_list>
<bind>
<StgValue><ssdm name="bitcast_ln12_26"/></StgValue>
</bind>
</comp>

<comp id="8" class="1000" name="bitcast_ln12_27">
<pin_list>
<pin id="9" dir="1" index="0" bw="1" slack="0"/>
</pin_list>
<bind>
<StgValue><ssdm name="bitcast_ln12_27"/></StgValue>
</bind>
</comp>

<comp id="10" class="1000" name="bitcast_ln12_4">
<pin_list>
<pin id="11" dir="1" index="0" bw="1" slack="0"/>
</pin_list>
<bind>
<StgValue><ssdm name="bitcast_ln12_4"/></StgValue>
</bind>
</comp>

<comp id="12" class="1000" name="bitcast_ln12_5">
<pin_list>
<pin id="13" dir="1" index="0" bw="1" slack="0"/>
</pin_list>
<bind>
<StgValue><ssdm name="bitcast_ln12_5"/></StgValue>
</bind>
</comp>

<comp id="14" class="1000" name="bitcast_ln12_6">
<pin_list>
<pin id="15" dir="1" index="0" bw="1" slack="0"/>
</pin_list>
<bind>
<StgValue><ssdm name="bitcast_ln12_6"/></StgValue>
</bind>
</comp>

<comp id="16" class="1000" name="bitcast_ln12_7">
<pin_list>
<pin id="17" dir="1" index="0" bw="1" slack="0"/>
</pin_list>
<bind>
<StgValue><ssdm name="bitcast_ln12_7"/></StgValue>
</bind>
</comp>

<comp id="18" class="1000" name="acc_26_out">
<pin_list>
<pin id="19" dir="1" index="0" bw="1" slack="0"/>
</pin_list>
<bind>
<StgValue><ssdm name="acc_26_out"/></StgValue>
</bind>
</comp>

<comp id="20" class="1001" name="const_20">
<pin_list>
<pin id="21" dir="1" index="0" bw="1" slack="0"/>
</pin_list>
<bind>
<StgValue><ssdm name=""/></StgValue>
</bind>
</comp>

<comp id="22" class="1001" name="const_22">
<pin_list>
<pin id="23" dir="1" index="0" bw="1" slack="0"/>
</pin_list>
<bind>
<StgValue><ssdm name="_ssdm_op_Read.ap_auto.float"/></StgValue>
</bind>
</comp>

<comp id="24" class="1001" name="const_24">
<pin_list>
<pin id="25" dir="1" index="0" bw="1" slack="0"/>
</pin_list>
<bind>
<StgValue><ssdm name=""/></StgValue>
</bind>
</comp>

<comp id="26" class="1001" name="const_26">
<pin_list>
<pin id="27" dir="1" index="0" bw="1" slack="0"/>
</pin_list>
<bind>
<StgValue><ssdm name=""/></StgValue>
</bind>
</comp>

<comp id="28" class="1001" name="const_28">
<pin_list>
<pin id="29" dir="1" index="0" bw="1" slack="0"/>
</pin_list>
<bind>
<StgValue><ssdm name=""/></StgValue>
</bind>
</comp>

<comp id="30" class="1001" name="const_30">
<pin_list>
<pin id="31" dir="1" index="0" bw="1" slack="0"/>
</pin_list>
<bind>
<StgValue><ssdm name="_ssdm_op_SparseMux.ap_auto.4float.float.i2"/></StgValue>
</bind>
</comp>

<comp id="32" class="1001" name="const_32">
<pin_list>
<pin id="33" dir="1" index="0" bw="1" slack="0"/>
</pin_list>
<bind>
<StgValue><ssdm name=""/></StgValue>
</bind>
</comp>

<comp id="34" class="1001" name="const_34">
<pin_list>
<pin id="35" dir="1" index="0" bw="1" slack="0"/>
</pin_list>
<bind>
<StgValue><ssdm name=""/></StgValue>
</bind>
</comp>

<comp id="36" class="1001" name="const_36">
<pin_list>
<pin id="37" dir="1" index="0" bw="1" slack="0"/>
</pin_list>
<bind>
<StgValue><ssdm name=""/></StgValue>
</bind>
</comp>

<comp id="38" class="1001" name="const_38">
<pin_list>
<pin id="39" dir="1" index="0" bw="1" slack="0"/>
</pin_list>
<bind>
<StgValue><ssdm name=""/></StgValue>
</bind>
</comp>

<comp id="40" class="1001" name="const_40">
<pin_list>
<pin id="41" dir="1" index="0" bw="1" slack="0"/>
</pin_list>
<bind>
<StgValue><ssdm name=""/></StgValue>
</bind>
</comp>

<comp id="42" class="1001" name="const_42">
<pin_list>
<pin id="43" dir="1" index="0" bw="1" slack="2147483647"/>
</pin_list>
<bind>
<StgValue><ssdm name="_ssdm_op_SpecPipeline"/></StgValue>
</bind>
</comp>

<comp id="44" class="1001" name="const_44">
<pin_list>
<pin id="45" dir="1" index="0" bw="1" slack="2147483647"/>
</pin_list>
<bind>
<StgValue><ssdm name=""/></StgValue>
</bind>
</comp>

<comp id="46" class="1001" name="const_46">
<pin_list>
<pin id="47" dir="1" index="0" bw="1" slack="2147483647"/>
</pin_list>
<bind>
<StgValue><ssdm name=""/></StgValue>
</bind>
</comp>

<comp id="48" class="1001" name="const_48">
<pin_list>
<pin id="49" dir="1" index="0" bw="1" slack="2147483647"/>
</pin_list>
<bind>
<StgValue><ssdm name="empty_0"/></StgValue>
</bind>
</comp>

<comp id="50" class="1001" name="const_50">
<pin_list>
<pin id="51" dir="1" index="0" bw="1" slack="2147483647"/>
</pin_list>
<bind>
<StgValue><ssdm name="_ssdm_op_SpecLoopTripCount"/></StgValue>
</bind>
</comp>

<comp id="52" class="1001" name="const_52">
<pin_list>
<pin id="53" dir="1" index="0" bw="1" slack="2147483647"/>
</pin_list>
<bind>
<StgValue><ssdm name=""/></StgValue>
</bind>
</comp>

<comp id="54" class="1001" name="const_54">
<pin_list>
<pin id="55" dir="1" index="0" bw="1" slack="2147483647"/>
</pin_list>
<bind>
<StgValue><ssdm name="_ssdm_op_SpecLoopName"/></StgValue>
</bind>
</comp>

<comp id="56" class="1001" name="const_56">
<pin_list>
<pin id="57" dir="1" index="0" bw="1" slack="2147483647"/>
</pin_list>
<bind>
<StgValue><ssdm name="empty_2"/></StgValue>
</bind>
</comp>

<comp id="58" class="1001" name="const_58">
<pin_list>
<pin id="59" dir="1" index="0" bw="1" slack="0"/>
</pin_list>
<bind>
<StgValue><ssdm name="_ssdm_op_Write.ap_auto.floatP0A"/></StgValue>
</bind>
</comp>

<comp id="60" class="1004" name="acc_fu_60">
<pin_list>
<pin id="61" dir="0" index="0" bw="1" slack="0"/>
<pin id="62" dir="1" index="1" bw="32" slack="0"/>
</pin_list>
<bind>
<opcode="alloca(26) " fcode="alloca"/>
<opset="acc/1 "/>
</bind>
</comp>

<comp id="64" class="1004" name="k_fu_64">
<pin_list>
<pin id="65" dir="0" index="0" bw="1" slack="0"/>
<pin id="66" dir="1" index="1" bw="3" slack="0"/>
</pin_list>
<bind>
<opcode="alloca(26) " fcode="alloca"/>
<opset="k/1 "/>
</bind>
</comp>

<comp id="68" class="1004" name="bitcast_ln12_7_read_read_fu_68">
<pin_list>
<pin id="69" dir="0" index="0" bw="32" slack="0"/>
<pin id="70" dir="0" index="1" bw="32" slack="0"/>
<pin id="71" dir="1" index="2" bw="32" slack="0"/>
</pin_list>
<bind>
<opcode="read(1150) " fcode="read"/>
<opset="bitcast_ln12_7_read/1 "/>
</bind>
</comp>

<comp id="74" class="1004" name="bitcast_ln12_6_read_read_fu_74">
<pin_list>
<pin id="75" dir="0" index="0" bw="32" slack="0"/>
<pin id="76" dir="0" index="1" bw="32" slack="0"/>
<pin id="77" dir="1" index="2" bw="32" slack="0"/>
</pin_list>
<bind>
<opcode="read(1150) " fcode="read"/>
<opset="bitcast_ln12_6_read/1 "/>
</bind>
</comp>

<comp id="80" class="1004" name="bitcast_ln12_5_read_read_fu_80">
<pin_list>
<pin id="81" dir="0" index="0" bw="32" slack="0"/>
<pin id="82" dir="0" index="1" bw="32" slack="0"/>
<pin id="83" dir="1" index="2" bw="32" slack="0"/>
</pin_list>
<bind>
<opcode="read(1150) " fcode="read"/>
<opset="bitcast_ln12_5_read/1 "/>
</bind>
</comp>

<comp id="86" class="1004" name="bitcast_ln12_4_read_read_fu_86">
<pin_list>
<pin id="87" dir="0" index="0" bw="32" slack="0"/>
<pin id="88" dir="0" index="1" bw="32" slack="0"/>
<pin id="89" dir="1" index="2" bw="32" slack="0"/>
</pin_list>
<bind>
<opcode="read(1150) " fcode="read"/>
<opset="bitcast_ln12_4_read/1 "/>
</bind>
</comp>

<comp id="92" class="1004" name="bitcast_ln12_27_read_read_fu_92">
<pin_list>
<pin id="93" dir="0" index="0" bw="32" slack="0"/>
<pin id="94" dir="0" index="1" bw="32" slack="0"/>
<pin id="95" dir="1" index="2" bw="32" slack="0"/>
</pin_list>
<bind>
<opcode="read(1150) " fcode="read"/>
<opset="bitcast_ln12_27_read/1 "/>
</bind>
</comp>

<comp id="98" class="1004" name="bitcast_ln12_26_read_read_fu_98">
<pin_list>
<pin id="99" dir="0" index="0" bw="32" slack="0"/>
<pin id="100" dir="0" index="1" bw="32" slack="0"/>
<pin id="101" dir="1" index="2" bw="32" slack="0"/>
</pin_list>
<bind>
<opcode="read(1150) " fcode="read"/>
<opset="bitcast_ln12_26_read/1 "/>
</bind>
</comp>

<comp id="104" class="1004" name="bitcast_ln12_25_read_read_fu_104">
<pin_list>
<pin id="105" dir="0" index="0" bw="32" slack="0"/>
<pin id="106" dir="0" index="1" bw="32" slack="0"/>
<pin id="107" dir="1" index="2" bw="32" slack="0"/>
</pin_list>
<bind>
<opcode="read(1150) " fcode="read"/>
<opset="bitcast_ln12_25_read/1 "/>
</bind>
</comp>

<comp id="110" class="1004" name="bitcast_ln12_24_read_read_fu_110">
<pin_list>
<pin id="111" dir="0" index="0" bw="32" slack="0"/>
<pin id="112" dir="0" index="1" bw="32" slack="0"/>
<pin id="113" dir="1" index="2" bw="32" slack="0"/>
</pin_list>
<bind>
<opcode="read(1150) " fcode="read"/>
<opset="bitcast_ln12_24_read/1 "/>
</bind>
</comp>

<comp id="116" class="1004" name="acc_22_read_read_fu_116">
<pin_list>
<pin id="117" dir="0" index="0" bw="32" slack="0"/>
<pin id="118" dir="0" index="1" bw="32" slack="0"/>
<pin id="119" dir="1" index="2" bw="32" slack="0"/>
</pin_list>
<bind>
<opcode="read(1150) " fcode="read"/>
<opset="acc_22_read/1 "/>
</bind>
</comp>

<comp id="122" class="1004" name="write_ln0_write_fu_122">
<pin_list>
<pin id="123" dir="0" index="0" bw="0" slack="0"/>
<pin id="124" dir="0" index="1" bw="32" slack="0"/>
<pin id="125" dir="0" index="2" bw="32" slack="0"/>
<pin id="126" dir="1" index="3" bw="0" slack="2147483647"/>
</pin_list>
<bind>
<opcode="write(1151) " fcode="write"/>
<opset="write_ln0/5 "/>
</bind>
</comp>

<comp id="129" class="1004" name="grp_fu_129">
<pin_list>
<pin id="130" dir="0" index="0" bw="32" slack="1"/>
<pin id="131" dir="0" index="1" bw="32" slack="0"/>
<pin id="132" dir="1" index="2" bw="32" slack="0"/>
</pin_list>
<bind>
<opcode="fadd(9) " fcode="fadd"/>
<opset="acc_2/5 "/>
</bind>
</comp>

<comp id="133" class="1004" name="grp_fu_133">
<pin_list>
<pin id="134" dir="0" index="0" bw="32" slack="0"/>
<pin id="135" dir="0" index="1" bw="32" slack="0"/>
<pin id="136" dir="1" index="2" bw="32" slack="1"/>
</pin_list>
<bind>
<opcode="fmul(13) " fcode="fmul"/>
<opset="mul_2/1 "/>
</bind>
</comp>

<comp id="137" class="1004" name="store_ln10_store_fu_137">
<pin_list>
<pin id="138" dir="0" index="0" bw="1" slack="0"/>
<pin id="139" dir="0" index="1" bw="3" slack="0"/>
<pin id="140" dir="1" index="2" bw="0" slack="2147483647"/>
</pin_list>
<bind>
<opcode="store(28) " fcode="store"/>
<opset="store_ln10/1 "/>
</bind>
</comp>

<comp id="142" class="1004" name="store_ln9_store_fu_142">
<pin_list>
<pin id="143" dir="0" index="0" bw="32" slack="0"/>
<pin id="144" dir="0" index="1" bw="32" slack="0"/>
<pin id="145" dir="1" index="2" bw="0" slack="2147483647"/>
</pin_list>
<bind>
<opcode="store(28) " fcode="store"/>
<opset="store_ln9/1 "/>
</bind>
</comp>

<comp id="147" class="1004" name="k_2_load_fu_147">
<pin_list>
<pin id="148" dir="0" index="0" bw="3" slack="0"/>
<pin id="149" dir="1" index="1" bw="3" slack="0"/>
</pin_list>
<bind>
<opcode="load(27) " fcode="load"/>
<opset="k_2/1 "/>
</bind>
</comp>

<comp id="150" class="1004" name="icmp_ln10_fu_150">
<pin_list>
<pin id="151" dir="0" index="0" bw="3" slack="0"/>
<pin id="152" dir="0" index="1" bw="3" slack="0"/>
<pin id="153" dir="1" index="2" bw="1" slack="4"/>
</pin_list>
<bind>
<opcode="icmp(45) " fcode="icmp"/>
<opset="icmp_ln10/1 "/>
</bind>
</comp>

<comp id="156" class="1004" name="add_ln10_fu_156">
<pin_list>
<pin id="157" dir="0" index="0" bw="3" slack="0"/>
<pin id="158" dir="0" index="1" bw="1" slack="0"/>
<pin id="159" dir="1" index="2" bw="3" slack="0"/>
</pin_list>
<bind>
<opcode="add(8) " fcode="add"/>
<opset="add_ln10/1 "/>
</bind>
</comp>

<comp id="162" class="1004" name="trunc_ln10_fu_162">
<pin_list>
<pin id="163" dir="0" index="0" bw="3" slack="0"/>
<pin id="164" dir="1" index="1" bw="2" slack="0"/>
</pin_list>
<bind>
<opcode="trunc(33) " fcode="trunc"/>
<opset="trunc_ln10/1 "/>
</bind>
</comp>

<comp id="166" class="1004" name="tmp_s_fu_166">
<pin_list>
<pin id="167" dir="0" index="0" bw="32" slack="0"/>
<pin id="168" dir="0" index="1" bw="2" slack="0"/>
<pin id="169" dir="0" index="2" bw="32" slack="0"/>
<pin id="170" dir="0" index="3" bw="2" slack="0"/>
<pin id="171" dir="0" index="4" bw="32" slack="0"/>
<pin id="172" dir="0" index="5" bw="2" slack="0"/>
<pin id="173" dir="0" index="6" bw="32" slack="0"/>
<pin id="174" dir="0" index="7" bw="2" slack="0"/>
<pin id="175" dir="0" index="8" bw="32" slack="0"/>
<pin id="176" dir="0" index="9" bw="32" slack="0"/>
<pin id="177" dir="0" index="10" bw="2" slack="0"/>
<pin id="178" dir="1" index="11" bw="32" slack="0"/>
</pin_list>
<bind>
<opcode="sparsemux(1197) " fcode="sparsemux"/>
<opset="tmp_s/1 "/>
</bind>
</comp>

<comp id="191" class="1004" name="tmp_2_fu_191">
<pin_list>
<pin id="192" dir="0" index="0" bw="32" slack="0"/>
<pin id="193" dir="0" index="1" bw="2" slack="0"/>
<pin id="194" dir="0" index="2" bw="32" slack="0"/>
<pin id="195" dir="0" index="3" bw="2" slack="0"/>
<pin id="196" dir="0" index="4" bw="32" slack="0"/>
<pin id="197" dir="0" index="5" bw="2" slack="0"/>
<pin id="198" dir="0" index="6" bw="32" slack="0"/>
<pin id="199" dir="0" index="7" bw="2" slack="0"/>
<pin id="200" dir="0" index="8" bw="32" slack="0"/>
<pin id="201" dir="0" index="9" bw="32" slack="0"/>
<pin id="202" dir="0" index="10" bw="2" slack="0"/>
<pin id="203" dir="1" index="11" bw="32" slack="0"/>
</pin_list>
<bind>
<opcode="sparsemux(1197) " fcode="sparsemux"/>
<opset="tmp_2/1 "/>
</bind>
</comp>

<comp id="216" class="1004" name="store_ln10_store_fu_216">
<pin_list>
<pin id="217" dir="0" index="0" bw="3" slack="0"/>
<pin id="218" dir="0" index="1" bw="3" slack="0"/>
<pin id="219" dir="1" index="2" bw="0" slack="2147483647"/>
</pin_list>
<bind>
<opcode="store(28) " fcode="store"/>
<opset="store_ln10/1 "/>
</bind>
</comp>

<comp id="221" class="1004" name="acc_load_2_load_fu_221">
<pin_list>
<pin id="222" dir="0" index="0" bw="32" slack="4"/>
<pin id="223" dir="1" index="1" bw="32" slack="0"/>
</pin_list>
<bind>
<opcode="load(27) " fcode="load"/>
<opset="acc_load_2/5 "/>
</bind>
</comp>

<comp id="225" class="1004" name="store_ln9_store_fu_225">
<pin_list>
<pin id="226" dir="0" index="0" bw="32" slack="0"/>
<pin id="227" dir="0" index="1" bw="32" slack="5"/>
<pin id="228" dir="1" index="2" bw="0" slack="2147483647"/>
</pin_list>
<bind>
<opcode="store(28) " fcode="store"/>
<opset="store_ln9/6 "/>
</bind>
</comp>

<comp id="230" class="1004" name="acc_load_load_fu_230">
<pin_list>
<pin id="231" dir="0" index="0" bw="32" slack="4"/>
<pin id="232" dir="1" index="1" bw="32" slack="0"/>
</pin_list>
<bind>
<opcode="load(27) " fcode="load"/>
<opset="acc_load/5 "/>
</bind>
</comp>

<comp id="234" class="1005" name="acc_reg_234">
<pin_list>
<pin id="235" dir="0" index="0" bw="32" slack="0"/>
<pin id="236" dir="1" index="1" bw="32" slack="0"/>
</pin_list>
<bind>
<opset="acc "/>
</bind>
</comp>

<comp id="242" class="1005" name="k_reg_242">
<pin_list>
<pin id="243" dir="0" index="0" bw="3" slack="0"/>
<pin id="244" dir="1" index="1" bw="3" slack="0"/>
</pin_list>
<bind>
<opset="k "/>
</bind>
</comp>

<comp id="249" class="1005" name="icmp_ln10_reg_249">
<pin_list>
<pin id="250" dir="0" index="0" bw="1" slack="4"/>
<pin id="251" dir="1" index="1" bw="1" slack="2147483647"/>
</pin_list>
<bind>
<opset="icmp_ln10 "/>
</bind>
</comp>

<comp id="253" class="1005" name="tmp_s_reg_253">
<pin_list>
<pin id="254" dir="0" index="0" bw="32" slack="1"/>
<pin id="255" dir="1" index="1" bw="32" slack="1"/>
</pin_list>
<bind>
<opset="tmp_s "/>
</bind>
</comp>

<comp id="258" class="1005" name="tmp_2_reg_258">
<pin_list>
<pin id="259" dir="0" index="0" bw="32" slack="1"/>
<pin id="260" dir="1" index="1" bw="32" slack="1"/>
</pin_list>
<bind>
<opset="tmp_2 "/>
</bind>
</comp>

<comp id="263" class="1005" name="mul_2_reg_263">
<pin_list>
<pin id="264" dir="0" index="0" bw="32" slack="1"/>
<pin id="265" dir="1" index="1" bw="32" slack="1"/>
</pin_list>
<bind>
<opset="mul_2 "/>
</bind>
</comp>

<comp id="268" class="1005" name="acc_load_2_reg_268">
<pin_list>
<pin id="269" dir="0" index="0" bw="32" slack="1"/>
<pin id="270" dir="1" index="1" bw="32" slack="1"/>
</pin_list>
<bind>
<opset="acc_load_2 "/>
</bind>
</comp>

</comp_list>

<net_list>
<net id="63"><net_src comp="20" pin="0"/><net_sink comp="60" pin=0"/></net>

<net id="67"><net_src comp="20" pin="0"/><net_sink comp="64" pin=0"/></net>

<net id="72"><net_src comp="22" pin="0"/><net_sink comp="68" pin=0"/></net>

<net id="73"><net_src comp="16" pin="0"/><net_sink comp="68" pin=1"/></net>

<net id="78"><net_src comp="22" pin="0"/><net_sink comp="74" pin=0"/></net>

<net id="79"><net_src comp="14" pin="0"/><net_sink comp="74" pin=1"/></net>

<net id="84"><net_src comp="22" pin="0"/><net_sink comp="80" pin=0"/></net>

<net id="85"><net_src comp="12" pin="0"/><net_sink comp="80" pin=1"/></net>

<net id="90"><net_src comp="22" pin="0"/><net_sink comp="86" pin=0"/></net>

<net id="91"><net_src comp="10" pin="0"/><net_sink comp="86" pin=1"/></net>

<net id="96"><net_src comp="22" pin="0"/><net_sink comp="92" pin=0"/></net>

<net id="97"><net_src comp="8" pin="0"/><net_sink comp="92" pin=1"/></net>

<net id="102"><net_src comp="22" pin="0"/><net_sink comp="98" pin=0"/></net>

<net id="103"><net_src comp="6" pin="0"/><net_sink comp="98" pin=1"/></net>

<net id="108"><net_src comp="22" pin="0"/><net_sink comp="104" pin=0"/></net>

<net id="109"><net_src comp="4" pin="0"/><net_sink comp="104" pin=1"/></net>

<net id="114"><net_src comp="22" pin="0"/><net_sink comp="110" pin=0"/></net>

<net id="115"><net_src comp="2" pin="0"/><net_sink comp="110" pin=1"/></net>

<net id="120"><net_src comp="22" pin="0"/><net_sink comp="116" pin=0"/></net>

<net id="121"><net_src comp="0" pin="0"/><net_sink comp="116" pin=1"/></net>

<net id="127"><net_src comp="58" pin="0"/><net_sink comp="122" pin=0"/></net>

<net id="128"><net_src comp="18" pin="0"/><net_sink comp="122" pin=1"/></net>

<net id="141"><net_src comp="24" pin="0"/><net_sink comp="137" pin=0"/></net>

<net id="146"><net_src comp="116" pin="2"/><net_sink comp="142" pin=0"/></net>

<net id="154"><net_src comp="147" pin="1"/><net_sink comp="150" pin=0"/></net>

<net id="155"><net_src comp="26" pin="0"/><net_sink comp="150" pin=1"/></net>

<net id="160"><net_src comp="147" pin="1"/><net_sink comp="156" pin=0"/></net>

<net id="161"><net_src comp="28" pin="0"/><net_sink comp="156" pin=1"/></net>

<net id="165"><net_src comp="147" pin="1"/><net_sink comp="162" pin=0"/></net>

<net id="179"><net_src comp="30" pin="0"/><net_sink comp="166" pin=0"/></net>

<net id="180"><net_src comp="32" pin="0"/><net_sink comp="166" pin=1"/></net>

<net id="181"><net_src comp="110" pin="2"/><net_sink comp="166" pin=2"/></net>

<net id="182"><net_src comp="34" pin="0"/><net_sink comp="166" pin=3"/></net>

<net id="183"><net_src comp="104" pin="2"/><net_sink comp="166" pin=4"/></net>

<net id="184"><net_src comp="36" pin="0"/><net_sink comp="166" pin=5"/></net>

<net id="185"><net_src comp="98" pin="2"/><net_sink comp="166" pin=6"/></net>

<net id="186"><net_src comp="38" pin="0"/><net_sink comp="166" pin=7"/></net>

<net id="187"><net_src comp="92" pin="2"/><net_sink comp="166" pin=8"/></net>

<net id="188"><net_src comp="40" pin="0"/><net_sink comp="166" pin=9"/></net>

<net id="189"><net_src comp="162" pin="1"/><net_sink comp="166" pin=10"/></net>

<net id="190"><net_src comp="166" pin="11"/><net_sink comp="133" pin=0"/></net>

<net id="204"><net_src comp="30" pin="0"/><net_sink comp="191" pin=0"/></net>

<net id="205"><net_src comp="32" pin="0"/><net_sink comp="191" pin=1"/></net>

<net id="206"><net_src comp="86" pin="2"/><net_sink comp="191" pin=2"/></net>

<net id="207"><net_src comp="34" pin="0"/><net_sink comp="191" pin=3"/></net>

<net id="208"><net_src comp="80" pin="2"/><net_sink comp="191" pin=4"/></net>

<net id="209"><net_src comp="36" pin="0"/><net_sink comp="191" pin=5"/></net>

<net id="210"><net_src comp="74" pin="2"/><net_sink comp="191" pin=6"/></net>

<net id="211"><net_src comp="38" pin="0"/><net_sink comp="191" pin=7"/></net>

<net id="212"><net_src comp="68" pin="2"/><net_sink comp="191" pin=8"/></net>

<net id="213"><net_src comp="40" pin="0"/><net_sink comp="191" pin=9"/></net>

<net id="214"><net_src comp="162" pin="1"/><net_sink comp="191" pin=10"/></net>

<net id="215"><net_src comp="191" pin="11"/><net_sink comp="133" pin=1"/></net>

<net id="220"><net_src comp="156" pin="2"/><net_sink comp="216" pin=0"/></net>

<net id="224"><net_src comp="221" pin="1"/><net_sink comp="129" pin=1"/></net>

<net id="229"><net_src comp="129" pin="2"/><net_sink comp="225" pin=0"/></net>

<net id="233"><net_src comp="230" pin="1"/><net_sink comp="122" pin=2"/></net>

<net id="237"><net_src comp="60" pin="1"/><net_sink comp="234" pin=0"/></net>

<net id="238"><net_src comp="234" pin="1"/><net_sink comp="142" pin=1"/></net>

<net id="239"><net_src comp="234" pin="1"/><net_sink comp="221" pin=0"/></net>

<net id="240"><net_src comp="234" pin="1"/><net_sink comp="225" pin=1"/></net>

<net id="241"><net_src comp="234" pin="1"/><net_sink comp="230" pin=0"/></net>

<net id="245"><net_src comp="64" pin="1"/><net_sink comp="242" pin=0"/></net>

<net id="246"><net_src comp="242" pin="1"/><net_sink comp="137" pin=1"/></net>

<net id="247"><net_src comp="242" pin="1"/><net_sink comp="147" pin=0"/></net>

<net id="248"><net_src comp="242" pin="1"/><net_sink comp="216" pin=1"/></net>

<net id="252"><net_src comp="150" pin="2"/><net_sink comp="249" pin=0"/></net>

<net id="256"><net_src comp="166" pin="11"/><net_sink comp="253" pin=0"/></net>

<net id="257"><net_src comp="253" pin="1"/><net_sink comp="133" pin=0"/></net>

<net id="261"><net_src comp="191" pin="11"/><net_sink comp="258" pin=0"/></net>

<net id="262"><net_src comp="258" pin="1"/><net_sink comp="133" pin=1"/></net>

<net id="266"><net_src comp="133" pin="2"/><net_sink comp="263" pin=0"/></net>

<net id="267"><net_src comp="263" pin="1"/><net_sink comp="129" pin=0"/></net>

<net id="271"><net_src comp="221" pin="1"/><net_sink comp="268" pin=0"/></net>

<net id="272"><net_src comp="268" pin="1"/><net_sink comp="129" pin=1"/></net>

</net_list>

</model> 
---------------- Datapath Model END ------------------

* FSMD analyzer results:
  - Output states:
	Port: acc_26_out | {5 }
 - Input state : 
	Port: matmul_4x4x4_Pipeline_VITIS_LOOP_10_38 : acc_22 | {1 }
	Port: matmul_4x4x4_Pipeline_VITIS_LOOP_10_38 : bitcast_ln12_24 | {1 }
	Port: matmul_4x4x4_Pipeline_VITIS_LOOP_10_38 : bitcast_ln12_25 | {1 }
	Port: matmul_4x4x4_Pipeline_VITIS_LOOP_10_38 : bitcast_ln12_26 | {1 }
	Port: matmul_4x4x4_Pipeline_VITIS_LOOP_10_38 : bitcast_ln12_27 | {1 }
	Port: matmul_4x4x4_Pipeline_VITIS_LOOP_10_38 : bitcast_ln12_4 | {1 }
	Port: matmul_4x4x4_Pipeline_VITIS_LOOP_10_38 : bitcast_ln12_5 | {1 }
	Port: matmul_4x4x4_Pipeline_VITIS_LOOP_10_38 : bitcast_ln12_6 | {1 }
	Port: matmul_4x4x4_Pipeline_VITIS_LOOP_10_38 : bitcast_ln12_7 | {1 }
  - Chain level:
	State 1
		store_ln10 : 1
		k_2 : 1
		icmp_ln10 : 2
		add_ln10 : 2
		br_ln10 : 3
		trunc_ln10 : 2
		tmp_s : 3
		tmp_2 : 3
		mul_2 : 4
		store_ln10 : 3
	State 2
	State 3
	State 4
	State 5
		acc_2 : 1
		write_ln0 : 1
	State 6
		store_ln9 : 1


============================================================
+ Verbose Summary: Datapath Resource usage 
============================================================

* Functional unit list:
|----------|----------------------------------|---------|---------|---------|
| Operation|          Functional Unit         |   DSP   |    FF   |   LUT   |
|----------|----------------------------------|---------|---------|---------|
|   fadd   |            grp_fu_129            |    2    |   177   |   385   |
|----------|----------------------------------|---------|---------|---------|
|   fmul   |            grp_fu_133            |    3    |   143   |   321   |
|----------|----------------------------------|---------|---------|---------|
| sparsemux|           tmp_s_fu_166           |    0    |    0    |    20   |
|          |           tmp_2_fu_191           |    0    |    0    |    20   |
|----------|----------------------------------|---------|---------|---------|
|   icmp   |         icmp_ln10_fu_150         |    0    |    0    |    11   |
|----------|----------------------------------|---------|---------|---------|
|    add   |          add_ln10_fu_156         |    0    |    0    |    11   |
|----------|----------------------------------|---------|---------|---------|
|          |  bitcast_ln12_7_read_read_fu_68  |    0    |    0    |    0    |
|          |  bitcast_ln12_6_read_read_fu_74  |    0    |    0    |    0    |
|          |  bitcast_ln12_5_read_read_fu_80  |    0    |    0    |    0    |
|          |  bitcast_ln12_4_read_read_fu_86  |    0    |    0    |    0    |
|   read   |  bitcast_ln12_27_read_read_fu_92 |    0    |    0    |    0    |
|          |  bitcast_ln12_26_read_read_fu_98 |    0    |    0    |    0    |
|          | bitcast_ln12_25_read_read_fu_104 |    0    |    0    |    0    |
|          | bitcast_ln12_24_read_read_fu_110 |    0    |    0    |    0    |
|          |      acc_22_read_read_fu_116     |    0    |    0    |    0    |
|----------|----------------------------------|---------|---------|---------|
|   write  |      write_ln0_write_fu_122      |    0    |    0    |    0    |
|----------|----------------------------------|---------|---------|---------|
|   trunc  |         trunc_ln10_fu_162        |    0    |    0    |    0    |
|----------|----------------------------------|---------|---------|---------|
|   Total  |                                  |    5    |   320   |   768   |
|----------|----------------------------------|---------|---------|---------|

Memories:
N/A

* Register list:
+------------------+--------+
|                  |   FF   |
+------------------+--------+
|acc_load_2_reg_268|   32   |
|    acc_reg_234   |   32   |
| icmp_ln10_reg_249|    1   |
|     k_reg_242    |    3   |
|   mul_2_reg_263  |   32   |
|   tmp_2_reg_258  |   32   |
|   tmp_s_reg_253  |   32   |
+------------------+--------+
|       Total      |   164  |
+------------------+--------+

* Multiplexer (MUX) list: 
|------------|------|------|------|--------||---------||---------||---------|
|    Comp    |  Pin | Size |  BW  | S x BW ||  Delay  ||    FF   ||   LUT   |
|------------|------|------|------|--------||---------||---------||---------|
| grp_fu_129 |  p1  |   2  |  32  |   64   ||    0    ||    9    |
| grp_fu_133 |  p0  |   2  |  32  |   64   ||    0    ||    9    |
| grp_fu_133 |  p1  |   2  |  32  |   64   ||    0    ||    9    |
|------------|------|------|------|--------||---------||---------||---------|
|    Total   |      |      |      |   192  ||  4.764  ||    0    ||    27   |
|------------|------|------|------|--------||---------||---------||---------|



* Summary:
+-----------+--------+--------+--------+--------+
|           |   DSP  |  Delay |   FF   |   LUT  |
+-----------+--------+--------+--------+--------+
|  Function |    5   |    -   |   320  |   768  |
|   Memory  |    -   |    -   |    -   |    -   |
|Multiplexer|    -   |    4   |    0   |   27   |
|  Register |    -   |    -   |   164  |    -   |
+-----------+--------+--------+--------+--------+
|   Total   |    5   |    4   |   484  |   795  |
+-----------+--------+--------+--------+--------+
